c:\users\marc-oliver\documents\yabasic\windows\yabasic (arbeitsbereich)\yabasic (projekt)\release\yabasic.bsc
c:\users\marc-oliver\documents\yabasic\windows\yabasic (arbeitsbereich)\yabasic (projekt)\release\vc120.pdb
c:\users\marc-oliver\documents\yabasic\windows\yabasic (arbeitsbereich)\yabasic (projekt)\release\bison.sbr
c:\users\marc-oliver\documents\yabasic\windows\yabasic (arbeitsbereich)\yabasic (projekt)\release\flex.sbr
c:\users\marc-oliver\documents\yabasic\windows\yabasic (arbeitsbereich)\yabasic (projekt)\release\function.sbr
c:\users\marc-oliver\documents\yabasic\windows\yabasic (arbeitsbereich)\yabasic (projekt)\release\graphic.sbr
c:\users\marc-oliver\documents\yabasic\windows\yabasic (arbeitsbereich)\yabasic (projekt)\release\io.sbr
c:\users\marc-oliver\documents\yabasic\windows\yabasic (arbeitsbereich)\yabasic (projekt)\release\main.sbr
c:\users\marc-oliver\documents\yabasic\windows\yabasic (arbeitsbereich)\yabasic (projekt)\release\symbol.sbr
c:\users\marc-oliver\documents\yabasic\windows\yabasic (arbeitsbereich)\yabasic (projekt)\release\symbol.obj
c:\users\marc-oliver\documents\yabasic\windows\yabasic (arbeitsbereich)\yabasic (projekt)\release\main.obj
c:\users\marc-oliver\documents\yabasic\windows\yabasic (arbeitsbereich)\yabasic (projekt)\release\io.obj
c:\users\marc-oliver\documents\yabasic\windows\yabasic (arbeitsbereich)\yabasic (projekt)\release\graphic.obj
c:\users\marc-oliver\documents\yabasic\windows\yabasic (arbeitsbereich)\yabasic (projekt)\release\function.obj
c:\users\marc-oliver\documents\yabasic\windows\yabasic (arbeitsbereich)\yabasic (projekt)\release\flex.obj
c:\users\marc-oliver\documents\yabasic\windows\yabasic (arbeitsbereich)\yabasic (projekt)\release\bison.obj
c:\users\marc-oliver\documents\yabasic\windows\yabasic (arbeitsbereich)\yabasic (projekt)\release\yabasic.exe
c:\users\marc-oliver\documents\yabasic\windows\yabasic (arbeitsbereich)\yabasic (projekt)\release\yabasic.res
c:\users\marc-oliver\documents\yabasic\windows\yabasic (arbeitsbereich)\yabasic (projekt)\.\release\yabasic.exe
c:\users\marc-oliver\documents\yabasic\windows\yabasic (arbeitsbereich)\yabasic (projekt)\release\yabasic.tlog\bscmake.command.1.tlog
c:\users\marc-oliver\documents\yabasic\windows\yabasic (arbeitsbereich)\yabasic (projekt)\release\yabasic.tlog\bscmake.read.1.tlog
c:\users\marc-oliver\documents\yabasic\windows\yabasic (arbeitsbereich)\yabasic (projekt)\release\yabasic.tlog\bscmake.write.1.tlog
c:\users\marc-oliver\documents\yabasic\windows\yabasic (arbeitsbereich)\yabasic (projekt)\release\yabasic.tlog\cl.command.1.tlog
c:\users\marc-oliver\documents\yabasic\windows\yabasic (arbeitsbereich)\yabasic (projekt)\release\yabasic.tlog\cl.read.1.tlog
c:\users\marc-oliver\documents\yabasic\windows\yabasic (arbeitsbereich)\yabasic (projekt)\release\yabasic.tlog\cl.write.1.tlog
c:\users\marc-oliver\documents\yabasic\windows\yabasic (arbeitsbereich)\yabasic (projekt)\release\yabasic.tlog\link.command.1.tlog
c:\users\marc-oliver\documents\yabasic\windows\yabasic (arbeitsbereich)\yabasic (projekt)\release\yabasic.tlog\link.read.1.tlog
c:\users\marc-oliver\documents\yabasic\windows\yabasic (arbeitsbereich)\yabasic (projekt)\release\yabasic.tlog\link.write.1.tlog
c:\users\marc-oliver\documents\yabasic\windows\yabasic (arbeitsbereich)\yabasic (projekt)\release\yabasic.tlog\rc.command.1.tlog
c:\users\marc-oliver\documents\yabasic\windows\yabasic (arbeitsbereich)\yabasic (projekt)\release\yabasic.tlog\rc.read.1.tlog
c:\users\marc-oliver\documents\yabasic\windows\yabasic (arbeitsbereich)\yabasic (projekt)\release\yabasic.tlog\rc.write.1.tlog
