c:\users\marc-oliver\documents\yabasic\windows\yabasic (arbeitsbereich)\yabasic (projekt)\debug\vc120.pdb
c:\users\marc-oliver\documents\yabasic\windows\yabasic (arbeitsbereich)\yabasic (projekt)\debug\vc120.idb
c:\users\marc-oliver\documents\yabasic\windows\yabasic (arbeitsbereich)\yabasic (projekt)\debug\symbol.obj
c:\users\marc-oliver\documents\yabasic\windows\yabasic (arbeitsbereich)\yabasic (projekt)\debug\main.obj
c:\users\marc-oliver\documents\yabasic\windows\yabasic (arbeitsbereich)\yabasic (projekt)\debug\io.obj
c:\users\marc-oliver\documents\yabasic\windows\yabasic (arbeitsbereich)\yabasic (projekt)\debug\graphic.obj
c:\users\marc-oliver\documents\yabasic\windows\yabasic (arbeitsbereich)\yabasic (projekt)\debug\function.obj
c:\users\marc-oliver\documents\yabasic\windows\yabasic (arbeitsbereich)\yabasic (projekt)\debug\flex.obj
c:\users\marc-oliver\documents\yabasic\windows\yabasic (arbeitsbereich)\yabasic (projekt)\debug\bison.obj
c:\users\marc-oliver\documents\yabasic\windows\yabasic (arbeitsbereich)\yabasic (projekt)\debug\yabasic.ilk
c:\users\marc-oliver\documents\yabasic\windows\yabasic (arbeitsbereich)\yabasic (projekt)\debug\yabasic.exe
c:\users\marc-oliver\documents\yabasic\windows\yabasic (arbeitsbereich)\yabasic (projekt)\debug\yabasic.pdb
c:\users\marc-oliver\documents\yabasic\windows\yabasic (arbeitsbereich)\yabasic (projekt)\debug\yabasic.res
c:\users\marc-oliver\documents\yabasic\windows\yabasic (arbeitsbereich)\yabasic (projekt)\.\debug\yabasic.exe
c:\users\marc-oliver\documents\yabasic\windows\yabasic (arbeitsbereich)\yabasic (projekt)\debug\yabasic.tlog\cl.command.1.tlog
c:\users\marc-oliver\documents\yabasic\windows\yabasic (arbeitsbereich)\yabasic (projekt)\debug\yabasic.tlog\cl.read.1.tlog
c:\users\marc-oliver\documents\yabasic\windows\yabasic (arbeitsbereich)\yabasic (projekt)\debug\yabasic.tlog\cl.write.1.tlog
c:\users\marc-oliver\documents\yabasic\windows\yabasic (arbeitsbereich)\yabasic (projekt)\debug\yabasic.tlog\link.command.1.tlog
c:\users\marc-oliver\documents\yabasic\windows\yabasic (arbeitsbereich)\yabasic (projekt)\debug\yabasic.tlog\link.read.1.tlog
c:\users\marc-oliver\documents\yabasic\windows\yabasic (arbeitsbereich)\yabasic (projekt)\debug\yabasic.tlog\link.write.1.tlog
c:\users\marc-oliver\documents\yabasic\windows\yabasic (arbeitsbereich)\yabasic (projekt)\debug\yabasic.tlog\rc.command.1.tlog
c:\users\marc-oliver\documents\yabasic\windows\yabasic (arbeitsbereich)\yabasic (projekt)\debug\yabasic.tlog\rc.read.1.tlog
c:\users\marc-oliver\documents\yabasic\windows\yabasic (arbeitsbereich)\yabasic (projekt)\debug\yabasic.tlog\rc.write.1.tlog
