===output of 'make clean'
 rm -f yabasic
rm -rf .libs _libs
rm -f *.o
test -z "tests/break.yab.log tests/bugs.yab.log tests/grammar.yab.log tests/io.yab.log tests/long_variable_name.yab.log tests/simple.yab.log tests/switch_continue_break.yab.log tests/switch_for.yab.log tests/switch_gosub.yab.log tests/switch_goto.yab.log tests/switch_return.yab.log tests/switch_simple.yab.log tests/switch_subr.yab.log tests/switch.yab.log tests/numbers.yab.log tests/system.yab.log tests/string.yab.log tests/silent.sh.log tests/nested_import.yab.log" || rm -f tests/break.yab.log tests/bugs.yab.log tests/grammar.yab.log tests/io.yab.log tests/long_variable_name.yab.log tests/simple.yab.log tests/switch_continue_break.yab.log tests/switch_for.yab.log tests/switch_gosub.yab.log tests/switch_goto.yab.log tests/switch_return.yab.log tests/switch_simple.yab.log tests/switch_subr.yab.log tests/switch.yab.log tests/numbers.yab.log tests/system.yab.log tests/string.yab.log tests/silent.sh.log tests/nested_import.yab.log
test -z "tests/break.yab.trs tests/bugs.yab.trs tests/grammar.yab.trs tests/io.yab.trs tests/long_variable_name.yab.trs tests/simple.yab.trs tests/switch_continue_break.yab.trs tests/switch_for.yab.trs tests/switch_gosub.yab.trs tests/switch_goto.yab.trs tests/switch_return.yab.trs tests/switch_simple.yab.trs tests/switch_subr.yab.trs tests/switch.yab.trs tests/numbers.yab.trs tests/system.yab.trs tests/string.yab.trs tests/silent.sh.trs tests/nested_import.yab.trs" || rm -f tests/break.yab.trs tests/bugs.yab.trs tests/grammar.yab.trs tests/io.yab.trs tests/long_variable_name.yab.trs tests/simple.yab.trs tests/switch_continue_break.yab.trs tests/switch_for.yab.trs tests/switch_gosub.yab.trs tests/switch_goto.yab.trs tests/switch_return.yab.trs tests/switch_simple.yab.trs tests/switch_subr.yab.trs tests/switch.yab.trs tests/numbers.yab.trs tests/system.yab.trs tests/string.yab.trs tests/silent.sh.trs tests/nested_import.yab.trs
test -z "test-suite.log" || rm -f test-suite.log
rm -f *.lo
===Version from configure
PACKAGE_VERSION='2.87.1'
 VERSION='2.87.1'
    VERSION='$VERSION'
===Output of uname
Linux
===Content of /etc/*-release
Fedora release 29 (Twenty Nine)
NAME=Fedora
VERSION="29 (Workstation Edition)"
ID=fedora
VERSION_ID=29
VERSION_CODENAME=""
PLATFORM_ID="platform:f29"
PRETTY_NAME="Fedora 29 (Workstation Edition)"
ANSI_COLOR="0;34"
LOGO=fedora-logo-icon
CPE_NAME="cpe:/o:fedoraproject:fedora:29"
HOME_URL="https://fedoraproject.org/"
DOCUMENTATION_URL="https://docs.fedoraproject.org/en-US/fedora/f29/system-administrators-guide/"
SUPPORT_URL="https://fedoraproject.org/wiki/Communicating_and_getting_help"
BUG_REPORT_URL="https://bugzilla.redhat.com/"
REDHAT_BUGZILLA_PRODUCT="Fedora"
REDHAT_BUGZILLA_PRODUCT_VERSION=29
REDHAT_SUPPORT_PRODUCT="Fedora"
REDHAT_SUPPORT_PRODUCT_VERSION=29
PRIVACY_POLICY_URL="https://fedoraproject.org/wiki/Legal:PrivacyPolicy"
VARIANT="Workstation Edition"
VARIANT_ID=workstation
Fedora release 29 (Twenty Nine)
Fedora release 29 (Twenty Nine)
===Files in current directory
total 6088
-rw-rw-r--. 1 ihm ihm   42060 Nov  7 07:45 aclocal.m4
-rwxrwxr-x. 1 ihm ihm     148 Dec 17  2016 AUTHORS
drwxr-xr-x. 2 ihm ihm    4096 Nov  7 07:45 autom4te.cache
-rw-rw-r--. 1 ihm ihm  219111 Nov 12 20:48 bison.c
-rw-rw-r--. 1 ihm ihm    9920 Oct 28  2018 bison.gcda
-rw-rw-r--. 1 ihm ihm   82088 Oct 28  2018 bison.gcno
-rw-rw-r--. 1 ihm ihm    5962 Nov 12 20:48 bison.h
-rw-rw-r--. 1 ihm ihm 1324333 Nov 12 20:48 bison.output
-rwxrwxr-x. 1 ihm ihm   10979 Nov 12 20:48 ChangeLog
lrwxrwxrwx. 1 ihm ihm      32 Feb  9  2019 compile -> /usr/share/automake-1.16/compile
-rwxrwxr-x. 1 ihm ihm   42938 Sep 10  2017 config.guess
-rw-rw-r--. 1 ihm ihm    3772 Nov 26 21:47 config.h
-rw-rw-r--. 1 ihm ihm    3459 Nov  7 07:46 config.h.in
-rwxrwxr-x. 1 ihm ihm   35994 Sep 10  2017 config.sub
-rwxrwxr-x. 1 ihm ihm  495342 Nov  7 07:45 configure
-rwxrwxr-x. 1 ihm ihm    3750 Nov  7 07:42 configure.ac
-rwxrwxr-x. 1 ihm ihm    1326 May  9  2020 configure.scan
drwxrwxr-x. 2 ihm ihm    4096 Jun 26  2019 contrib
-rwxrwxr-x. 1 ihm ihm     129 Dec 29  2016 COPYING
-rwxrwxr-x. 1 ihm ihm    6691 Apr 19  2019 demo.yab
-rwxrwxr-x. 1 ihm ihm   20842 Dec 17  2016 depcomp
-rwxrwxr-x. 1 ihm ihm    6840 Jun  1  2019 docbook.css
-rw-rw-r--. 1 ihm ihm  139544 Nov 12 20:48 flex.c
-rw-rw-r--. 1 ihm ihm    7864 Oct 28  2018 flex.gcda
-rw-rw-r--. 1 ihm ihm   79220 Oct 28  2018 flex.gcno
-rw-rw-r--. 1 ihm ihm   25587 Aug 13 22:12 flow.c
-rw-rw-r--. 1 ihm ihm    4096 Oct 28  2018 flow.gcda
-rw-rw-r--. 1 ihm ihm   27184 Oct 28  2018 flow.gcno
-rwxrwxr-x. 1 ihm ihm   22978 Nov  7 07:20 foreign.c
-rwxrwxr-x. 1 ihm ihm      39 Dec 17  2016 format_sources.sh
-rwxrwxr-x. 1 ihm ihm   54361 Aug 13 22:26 function.c
-rw-rw-r--. 1 ihm ihm    7668 Oct 28  2018 function.gcda
-rw-rw-r--. 1 ihm ihm   76624 Oct 28  2018 function.gcno
-rwxrwxr-x. 1 ihm ihm   80541 Aug 11 22:12 graphic.c
-rw-rw-r--. 1 ihm ihm    7452 Oct 28  2018 graphic.gcda
-rw-rw-r--. 1 ihm ihm   67084 Oct 28  2018 graphic.gcno
-rwxrwxr-x. 1 ihm ihm      77 Dec 17  2016 INSTALL
-rwxrwxr-x. 1 ihm ihm   14675 Sep 10  2017 install-sh
-rw-rw-r--. 1 ihm ihm   45443 Aug 13 22:24 io.c
-rw-rw-r--. 1 ihm ihm    5932 Oct 28  2018 io.gcda
-rw-rw-r--. 1 ihm ihm   50504 Oct 28  2018 io.gcno
-rwxrwxr-x. 1 ihm ihm  339048 Nov 26 21:47 libtool
-rw-rw-r--. 1 ihm ihm    1079 Jan  1  2019 LICENSE
-rw-rw-r--. 1 ihm ihm  324089 Sep 10  2017 ltmain.sh
drwxrwxr-x. 2 ihm ihm    4096 May  9  2020 m4
-rwxrwxr-x. 1 ihm ihm   77565 Aug 12 21:46 main.c
-rw-rw-r--. 1 ihm ihm  107909 Oct 28  2018 main.c.gcov
-rw-rw-r--. 1 ihm ihm    8124 Oct 28  2018 main.gcda
-rw-rw-r--. 1 ihm ihm   70032 Oct 28  2018 main.gcno
-rw-rw-r--. 1 ihm ihm   50234 Nov 26 21:47 Makefile
-rwxrwxr-x. 1 ihm ihm    1309 May  9  2020 Makefile.am
-rw-rw-r--. 1 ihm ihm   51487 Nov  7 07:45 Makefile.in
-rwxrwxr-x. 1 ihm ihm   10270 Dec 17  2016 missing
-rwxrwxr-x. 1 ihm ihm     722 Dec 17  2016 mkinstalldirs
-rwxrwxr-x. 1 ihm ihm     486 Nov  7 07:44 NEWS
-rw-rw-r--. 1 ihm ihm       4 Nov 12 20:48 out.dat
drwxrwxr-x. 3 ihm ihm    4096 Nov 12 20:47 pkg
-rwxrwxr-x. 1 ihm ihm     447 Dec 17  2016 README
-rw-rw-r--. 1 ihm ihm     678 Mar 30  2020 README.org
-rwxrwxr-x. 1 ihm ihm    1763 Jul 18  2019 runme
-rwxrwxr-x. 1 ihm ihm    3046 Nov 27 11:50 runme.log
-rw-rw-r--. 1 ihm ihm      23 Nov 26 21:47 stamp-h1
-rw-rw-r--. 1 ihm ihm      23 Dec 17  2016 stamp-h2
-rwxrwxr-x. 1 ihm ihm      10 Dec 17  2016 stamp-h.in
-rw-rw-r--. 1 ihm ihm   34335 Aug 11 22:12 symbol.c
-rw-rw-r--. 1 ihm ihm    5536 Oct 28  2018 symbol.gcda
-rw-rw-r--. 1 ihm ihm   45152 Oct 28  2018 symbol.gcno
-rw-rw-r--. 1 ihm ihm   32225 Jan  1  2020 TAGS
-rwxr-xr-x. 1 ihm ihm    4640 Sep 10  2017 test-driver
drwxrwxr-x. 6 ihm ihm    4096 Nov 27 11:50 tests
-rw-rw-r--. 1 ihm ihm   13599 Jun 26  2019 whereami.c
-rw-rw-r--. 1 ihm ihm    1972 Oct 23  2018 whereami.h
-rw-rw-r--. 1 ihm ihm  254712 Feb 17  2019 yabasic.1
-rwxrwxr-x. 1 ihm ihm   40694 Aug 12 21:41 yabasic.bison
-rw-rw-r--. 1 ihm ihm  473702 Jul 22  2019 yabasic-_C-1.x86_64.rpm
-rw-rw-r--. 1 ihm ihm  470586 Jul 22  2019 yabasic_-C_amd64.deb
-rwxrwxr-x. 1 ihm ihm   16404 Aug 11 22:11 yabasic.flex
-rwxrwxr-x. 1 ihm ihm   24170 Aug 12 21:47 yabasic.h
-rw-rw-r--. 1 ihm ihm  548346 Nov 12 20:48 yabasic.htm
===Running configure ...
checking for a BSD-compatible install... /usr/bin/install -c
checking whether build environment is sane... yes
/home/ihm/yabasic/unix/lang/missing: Unknown `--is-lightweight' option
Try `/home/ihm/yabasic/unix/lang/missing --help' for more information
configure: WARNING: 'missing' script is too old or missing
checking for a thread-safe mkdir -p... /usr/bin/mkdir -p
checking for gawk... gawk
checking whether make sets $(MAKE)... yes
checking whether make supports nested variables... yes
checking build system type... x86_64-unknown-linux-gnu
checking host system type... x86_64-unknown-linux-gnu
checking how to print strings... printf
checking whether make supports the include directive... yes (GNU style)
checking for gcc... gcc
checking whether the C compiler works... yes
checking for C compiler default output file name... a.out
checking for suffix of executables... 
checking whether we are cross compiling... no
checking for suffix of object files... o
checking whether we are using the GNU C compiler... yes
checking whether gcc accepts -g... yes
checking for gcc option to accept ISO C89... none needed
checking whether gcc understands -c and -o together... yes
checking dependency style of gcc... gcc3
checking for a sed that does not truncate output... /usr/bin/sed
checking for grep that handles long lines and -e... /usr/bin/grep
checking for egrep... /usr/bin/grep -E
checking for fgrep... /usr/bin/grep -F
checking for ld used by gcc... /usr/bin/ld
checking if the linker (/usr/bin/ld) is GNU ld... yes
checking for BSD- or MS-compatible name lister (nm)... /usr/bin/nm -B
checking the name lister (/usr/bin/nm -B) interface... BSD nm
checking whether ln -s works... yes
checking the maximum length of command line arguments... 1572864
checking how to convert x86_64-unknown-linux-gnu file names to x86_64-unknown-linux-gnu format... func_convert_file_noop
checking how to convert x86_64-unknown-linux-gnu file names to toolchain format... func_convert_file_noop
checking for /usr/bin/ld option to reload object files... -r
checking for objdump... objdump
checking how to recognize dependent libraries... pass_all
checking for dlltool... no
checking how to associate runtime and link libraries... printf %s\n
checking for ar... ar
checking for archiver @FILE support... @
checking for strip... strip
checking for ranlib... ranlib
checking command to parse /usr/bin/nm -B output from gcc object... ok
checking for sysroot... no
checking for a working dd... /usr/bin/dd
checking how to truncate binary pipes... /usr/bin/dd bs=4096 count=1
checking for mt... no
checking if : is a manifest tool... no
checking how to run the C preprocessor... gcc -E
checking for ANSI C header files... yes
checking for sys/types.h... yes
checking for sys/stat.h... yes
checking for stdlib.h... yes
checking for string.h... yes
checking for memory.h... yes
checking for strings.h... yes
checking for inttypes.h... yes
checking for stdint.h... yes
checking for unistd.h... yes
checking for dlfcn.h... yes
checking for objdir... .libs
checking if gcc supports -fno-rtti -fno-exceptions... no
checking for gcc option to produce PIC... -fPIC -DPIC
checking if gcc PIC flag -fPIC -DPIC works... yes
checking if gcc static flag -static works... ===FAILURE, could not configure yabasic
===config.log:
This file contains any messages produced by compilers while
running configure, to aid debugging if configure makes a mistake.

It was created by yabasic configure 2.87.1, which was
generated by GNU Autoconf 2.69.  Invocation command line was

  $ ./configure 

## --------- ##
## Platform. ##
## --------- ##

hostname = osboxes
uname -m = x86_64
uname -r = 4.20.5-200.fc29.x86_64
uname -s = Linux
uname -v = #1 SMP Mon Jan 28 19:29:17 UTC 2019

/usr/bin/uname -p = x86_64
/bin/uname -X     = unknown

/bin/arch              = x86_64
/usr/bin/arch -k       = unknown
/usr/convex/getsysinfo = unknown
/usr/bin/hostinfo      = unknown
/bin/machine           = unknown
/usr/bin/oslevel       = unknown
/bin/universe          = unknown

PATH: /usr/share/Modules/bin
PATH: /usr/local/bin
PATH: /usr/bin
PATH: /usr/local/sbin
PATH: /usr/sbin
PATH: /home/ihm/.local/bin
PATH: /home/ihm/bin


## ----------- ##
## Core tests. ##
## ----------- ##

configure:2342: checking for a BSD-compatible install
configure:2410: result: /usr/bin/install -c
configure:2421: checking whether build environment is sane
configure:2476: result: yes
configure:2514: WARNING: 'missing' script is too old or missing
configure:2627: checking for a thread-safe mkdir -p
configure:2666: result: /usr/bin/mkdir -p
configure:2673: checking for gawk
configure:2689: found /usr/bin/gawk
configure:2700: result: gawk
configure:2711: checking whether make sets $(MAKE)
configure:2733: result: yes
configure:2762: checking whether make supports nested variables
configure:2779: result: yes
configure:2934: checking build system type
configure:2948: result: x86_64-unknown-linux-gnu
configure:2968: checking host system type
configure:2981: result: x86_64-unknown-linux-gnu
configure:3022: checking how to print strings
configure:3049: result: printf
configure:3074: checking whether make supports the include directive
configure:3089: make -f confmf.GNU && cat confinc.out
this is the am__doit target
configure:3092: $? = 0
configure:3111: result: yes (GNU style)
configure:3181: checking for gcc
configure:3197: found /usr/bin/gcc
configure:3208: result: gcc
configure:3437: checking for C compiler version
configure:3446: gcc --version >&5
gcc (GCC) 8.2.1 20181215 (Red Hat 8.2.1-6)
Copyright (C) 2018 Free Software Foundation, Inc.
This is free software; see the source for copying conditions.  There is NO
warranty; not even for MERCHANTABILITY or FITNESS FOR A PARTICULAR PURPOSE.

configure:3457: $? = 0
configure:3446: gcc -v >&5
Using built-in specs.
COLLECT_GCC=gcc
COLLECT_LTO_WRAPPER=/usr/libexec/gcc/x86_64-redhat-linux/8/lto-wrapper
OFFLOAD_TARGET_NAMES=nvptx-none
OFFLOAD_TARGET_DEFAULT=1
Target: x86_64-redhat-linux
Configured with: ../configure --enable-bootstrap --enable-languages=c,c++,fortran,objc,obj-c++,ada,go,lto --prefix=/usr --mandir=/usr/share/man --infodir=/usr/share/info --with-bugurl=http://bugzilla.redhat.com/bugzilla --enable-shared --enable-threads=posix --enable-checking=release --enable-multilib --with-system-zlib --enable-__cxa_atexit --disable-libunwind-exceptions --enable-gnu-unique-object --enable-linker-build-id --with-gcc-major-version-only --with-linker-hash-style=gnu --enable-plugin --enable-initfini-array --with-isl --enable-libmpx --enable-offload-targets=nvptx-none --without-cuda-driver --enable-gnu-indirect-function --enable-cet --with-tune=generic --with-arch_32=i686 --build=x86_64-redhat-linux
Thread model: posix
gcc version 8.2.1 20181215 (Red Hat 8.2.1-6) (GCC) 
configure:3457: $? = 0
configure:3446: gcc -V >&5
gcc: error: unrecognized command line option '-V'
gcc: fatal error: no input files
compilation terminated.
configure:3457: $? = 1
configure:3446: gcc -qversion >&5
gcc: error: unrecognized command line option '-qversion'; did you mean '--version'?
gcc: fatal error: no input files
compilation terminated.
configure:3457: $? = 1
configure:3477: checking whether the C compiler works
configure:3499: gcc  -I/opt/X11/include  conftest.c  >&5
configure:3503: $? = 0
configure:3551: result: yes
configure:3554: checking for C compiler default output file name
configure:3556: result: a.out
configure:3562: checking for suffix of executables
configure:3569: gcc -o conftest  -I/opt/X11/include  conftest.c  >&5
configure:3573: $? = 0
configure:3595: result: 
configure:3617: checking whether we are cross compiling
configure:3625: gcc -o conftest  -I/opt/X11/include  conftest.c  >&5
configure:3629: $? = 0
configure:3636: ./conftest
configure:3640: $? = 0
configure:3655: result: no
configure:3660: checking for suffix of object files
configure:3682: gcc -c  -I/opt/X11/include conftest.c >&5
configure:3686: $? = 0
configure:3707: result: o
configure:3711: checking whether we are using the GNU C compiler
configure:3730: gcc -c  -I/opt/X11/include conftest.c >&5
configure:3730: $? = 0
configure:3739: result: yes
configure:3748: checking whether gcc accepts -g
configure:3768: gcc -c -g -I/opt/X11/include conftest.c >&5
configure:3768: $? = 0
configure:3809: result: yes
configure:3826: checking for gcc option to accept ISO C89
configure:3889: gcc  -c -g -O2 -I/opt/X11/include conftest.c >&5
configure:3889: $? = 0
configure:3902: result: none needed
configure:3927: checking whether gcc understands -c and -o together
configure:3949: gcc -c conftest.c -o conftest2.o
configure:3952: $? = 0
configure:3949: gcc -c conftest.c -o conftest2.o
configure:3952: $? = 0
configure:3964: result: yes
configure:3983: checking dependency style of gcc
configure:4094: result: gcc3
configure:4109: checking for a sed that does not truncate output
configure:4173: result: /usr/bin/sed
configure:4191: checking for grep that handles long lines and -e
configure:4249: result: /usr/bin/grep
configure:4254: checking for egrep
configure:4316: result: /usr/bin/grep -E
configure:4321: checking for fgrep
configure:4383: result: /usr/bin/grep -F
configure:4418: checking for ld used by gcc
configure:4485: result: /usr/bin/ld
configure:4492: checking if the linker (/usr/bin/ld) is GNU ld
configure:4507: result: yes
configure:4519: checking for BSD- or MS-compatible name lister (nm)
configure:4573: result: /usr/bin/nm -B
configure:4703: checking the name lister (/usr/bin/nm -B) interface
configure:4710: gcc -c -g -O2 -I/opt/X11/include conftest.c >&5
configure:4713: /usr/bin/nm -B "conftest.o"
configure:4716: output
0000000000000000 B some_variable
configure:4723: result: BSD nm
configure:4726: checking whether ln -s works
configure:4730: result: yes
configure:4738: checking the maximum length of command line arguments
configure:4869: result: 1572864
configure:4917: checking how to convert x86_64-unknown-linux-gnu file names to x86_64-unknown-linux-gnu format
configure:4957: result: func_convert_file_noop
configure:4964: checking how to convert x86_64-unknown-linux-gnu file names to toolchain format
configure:4984: result: func_convert_file_noop
configure:4991: checking for /usr/bin/ld option to reload object files
configure:4998: result: -r
configure:5072: checking for objdump
configure:5088: found /usr/bin/objdump
configure:5099: result: objdump
configure:5131: checking how to recognize dependent libraries
configure:5331: result: pass_all
configure:5416: checking for dlltool
configure:5446: result: no
configure:5476: checking how to associate runtime and link libraries
configure:5503: result: printf %s\n
configure:5564: checking for ar
configure:5580: found /usr/bin/ar
configure:5591: result: ar
configure:5628: checking for archiver @FILE support
configure:5645: gcc -c -g -O2 -I/opt/X11/include conftest.c >&5
configure:5645: $? = 0
configure:5648: ar cru libconftest.a @conftest.lst >&5
configure:5651: $? = 0
configure:5656: ar cru libconftest.a @conftest.lst >&5
ar: conftest.o: No such file or directory
configure:5659: $? = 1
configure:5671: result: @
configure:5729: checking for strip
configure:5745: found /usr/bin/strip
configure:5756: result: strip
configure:5828: checking for ranlib
configure:5844: found /usr/bin/ranlib
configure:5855: result: ranlib
configure:5957: checking command to parse /usr/bin/nm -B output from gcc object
configure:6110: gcc -c -g -O2 -I/opt/X11/include conftest.c >&5
configure:6113: $? = 0
configure:6117: /usr/bin/nm -B conftest.o \| sed -n -e 's/^.*[ ]\([ABCDGIRSTW][ABCDGIRSTW]*\)[ ][ ]*\([_A-Za-z][_A-Za-z0-9]*\)$/\1 \2 \2/p' | sed '/ __gnu_lto/d' \> conftest.nm
configure:6120: $? = 0
configure:6186: gcc -o conftest -g -O2 -I/opt/X11/include  conftest.c conftstm.o >&5
configure:6189: $? = 0
configure:6227: result: ok
configure:6274: checking for sysroot
configure:6304: result: no
configure:6311: checking for a working dd
configure:6349: result: /usr/bin/dd
configure:6353: checking how to truncate binary pipes
configure:6368: result: /usr/bin/dd bs=4096 count=1
configure:6504: gcc -c -g -O2 -I/opt/X11/include conftest.c >&5
configure:6507: $? = 0
configure:6697: checking for mt
configure:6727: result: no
configure:6747: checking if : is a manifest tool
configure:6753: : '-?'
configure:6761: result: no
configure:7438: checking how to run the C preprocessor
configure:7469: gcc -E -I/opt/X11/include conftest.c
configure:7469: $? = 0
configure:7483: gcc -E -I/opt/X11/include conftest.c
conftest.c:11:10: fatal error: ac_nonexistent.h: No such file or directory
 #include <ac_nonexistent.h>
          ^~~~~~~~~~~~~~~~~~
compilation terminated.
configure:7483: $? = 1
configure: failed program was:
| /* confdefs.h */
| #define PACKAGE_NAME "yabasic"
| #define PACKAGE_TARNAME "yabasic"
| #define PACKAGE_VERSION "2.87.1"
| #define PACKAGE_STRING "yabasic 2.87.1"
| #define PACKAGE_BUGREPORT ""
| #define PACKAGE_URL ""
| #define PACKAGE "yabasic"
| #define VERSION "2.87.1"
| /* end confdefs.h.  */
| #include <ac_nonexistent.h>
configure:7508: result: gcc -E
configure:7528: gcc -E -I/opt/X11/include conftest.c
configure:7528: $? = 0
configure:7542: gcc -E -I/opt/X11/include conftest.c
conftest.c:11:10: fatal error: ac_nonexistent.h: No such file or directory
 #include <ac_nonexistent.h>
          ^~~~~~~~~~~~~~~~~~
compilation terminated.
configure:7542: $? = 1
configure: failed program was:
| /* confdefs.h */
| #define PACKAGE_NAME "yabasic"
| #define PACKAGE_TARNAME "yabasic"
| #define PACKAGE_VERSION "2.87.1"
| #define PACKAGE_STRING "yabasic 2.87.1"
| #define PACKAGE_BUGREPORT ""
| #define PACKAGE_URL ""
| #define PACKAGE "yabasic"
| #define VERSION "2.87.1"
| /* end confdefs.h.  */
| #include <ac_nonexistent.h>
configure:7571: checking for ANSI C header files
configure:7591: gcc -c -g -O2 -I/opt/X11/include conftest.c >&5
configure:7591: $? = 0
configure:7664: gcc -o conftest -g -O2 -I/opt/X11/include  conftest.c  >&5
configure:7664: $? = 0
configure:7664: ./conftest
configure:7664: $? = 0
configure:7675: result: yes
configure:7688: checking for sys/types.h
configure:7688: gcc -c -g -O2 -I/opt/X11/include conftest.c >&5
configure:7688: $? = 0
configure:7688: result: yes
configure:7688: checking for sys/stat.h
configure:7688: gcc -c -g -O2 -I/opt/X11/include conftest.c >&5
configure:7688: $? = 0
configure:7688: result: yes
configure:7688: checking for stdlib.h
configure:7688: gcc -c -g -O2 -I/opt/X11/include conftest.c >&5
configure:7688: $? = 0
configure:7688: result: yes
configure:7688: checking for string.h
configure:7688: gcc -c -g -O2 -I/opt/X11/include conftest.c >&5
configure:7688: $? = 0
configure:7688: result: yes
configure:7688: checking for memory.h
configure:7688: gcc -c -g -O2 -I/opt/X11/include conftest.c >&5
configure:7688: $? = 0
configure:7688: result: yes
configure:7688: checking for strings.h
configure:7688: gcc -c -g -O2 -I/opt/X11/include conftest.c >&5
configure:7688: $? = 0
configure:7688: result: yes
configure:7688: checking for inttypes.h
configure:7688: gcc -c -g -O2 -I/opt/X11/include conftest.c >&5
configure:7688: $? = 0
configure:7688: result: yes
configure:7688: checking for stdint.h
configure:7688: gcc -c -g -O2 -I/opt/X11/include conftest.c >&5
configure:7688: $? = 0
configure:7688: result: yes
configure:7688: checking for unistd.h
configure:7688: gcc -c -g -O2 -I/opt/X11/include conftest.c >&5
configure:7688: $? = 0
configure:7688: result: yes
configure:7702: checking for dlfcn.h
configure:7702: gcc -c -g -O2 -I/opt/X11/include conftest.c >&5
configure:7702: $? = 0
configure:7702: result: yes
configure:7958: checking for objdir
configure:7973: result: .libs
configure:8237: checking if gcc supports -fno-rtti -fno-exceptions
configure:8255: gcc -c -g -O2 -I/opt/X11/include -fno-rtti -fno-exceptions conftest.c >&5
cc1: warning: command line option '-fno-rtti' is valid for C++/ObjC++ but not for C
configure:8259: $? = 0
configure:8272: result: no
configure:8630: checking for gcc option to produce PIC
configure:8637: result: -fPIC -DPIC
configure:8645: checking if gcc PIC flag -fPIC -DPIC works
configure:8663: gcc -c -g -O2 -I/opt/X11/include -fPIC -DPIC -DPIC conftest.c >&5
configure:8667: $? = 0
configure:8680: result: yes
configure:8709: checking if gcc static flag -static works

## ---------------- ##
## Cache variables. ##
## ---------------- ##

ac_cv_build=x86_64-unknown-linux-gnu
ac_cv_c_compiler_gnu=yes
ac_cv_env_CC_set=
ac_cv_env_CC_value=
ac_cv_env_CFLAGS_set=
ac_cv_env_CFLAGS_value=
ac_cv_env_CPPFLAGS_set=set
ac_cv_env_CPPFLAGS_value=-I/opt/X11/include
ac_cv_env_CPP_set=
ac_cv_env_CPP_value=
ac_cv_env_FFI_CFLAGS_set=
ac_cv_env_FFI_CFLAGS_value=
ac_cv_env_FFI_LIBS_set=
ac_cv_env_FFI_LIBS_value=
ac_cv_env_LDFLAGS_set=
ac_cv_env_LDFLAGS_value=
ac_cv_env_LIBS_set=
ac_cv_env_LIBS_value=
ac_cv_env_LT_SYS_LIBRARY_PATH_set=
ac_cv_env_LT_SYS_LIBRARY_PATH_value=
ac_cv_env_PKG_CONFIG_LIBDIR_set=
ac_cv_env_PKG_CONFIG_LIBDIR_value=
ac_cv_env_PKG_CONFIG_PATH_set=
ac_cv_env_PKG_CONFIG_PATH_value=
ac_cv_env_PKG_CONFIG_set=
ac_cv_env_PKG_CONFIG_value=
ac_cv_env_XMKMF_set=
ac_cv_env_XMKMF_value=
ac_cv_env_build_alias_set=
ac_cv_env_build_alias_value=
ac_cv_env_host_alias_set=
ac_cv_env_host_alias_value=
ac_cv_env_target_alias_set=
ac_cv_env_target_alias_value=
ac_cv_header_dlfcn_h=yes
ac_cv_header_inttypes_h=yes
ac_cv_header_memory_h=yes
ac_cv_header_stdc=yes
ac_cv_header_stdint_h=yes
ac_cv_header_stdlib_h=yes
ac_cv_header_string_h=yes
ac_cv_header_strings_h=yes
ac_cv_header_sys_stat_h=yes
ac_cv_header_sys_types_h=yes
ac_cv_header_unistd_h=yes
ac_cv_host=x86_64-unknown-linux-gnu
ac_cv_objext=o
ac_cv_path_EGREP='/usr/bin/grep -E'
ac_cv_path_FGREP='/usr/bin/grep -F'
ac_cv_path_GREP=/usr/bin/grep
ac_cv_path_SED=/usr/bin/sed
ac_cv_path_install='/usr/bin/install -c'
ac_cv_path_lt_DD=/usr/bin/dd
ac_cv_path_mkdir=/usr/bin/mkdir
ac_cv_prog_AWK=gawk
ac_cv_prog_CPP='gcc -E'
ac_cv_prog_ac_ct_AR=ar
ac_cv_prog_ac_ct_CC=gcc
ac_cv_prog_ac_ct_OBJDUMP=objdump
ac_cv_prog_ac_ct_RANLIB=ranlib
ac_cv_prog_ac_ct_STRIP=strip
ac_cv_prog_cc_c89=
ac_cv_prog_cc_g=yes
ac_cv_prog_make_make_set=yes
am_cv_CC_dependencies_compiler_type=gcc3
am_cv_make_support_nested_variables=yes
am_cv_prog_cc_c_o=yes
lt_cv_ar_at_file=@
lt_cv_deplibs_check_method=pass_all
lt_cv_file_magic_cmd='$MAGIC_CMD'
lt_cv_file_magic_test_file=
lt_cv_ld_reload_flag=-r
lt_cv_nm_interface='BSD nm'
lt_cv_objdir=.libs
lt_cv_path_LD=/usr/bin/ld
lt_cv_path_NM='/usr/bin/nm -B'
lt_cv_path_mainfest_tool=no
lt_cv_prog_compiler_pic='-fPIC -DPIC'
lt_cv_prog_compiler_pic_works=yes
lt_cv_prog_compiler_rtti_exceptions=no
lt_cv_prog_compiler_static_works=no
lt_cv_prog_gnu_ld=yes
lt_cv_sharedlib_from_linklib_cmd='printf %s\n'
lt_cv_sys_global_symbol_pipe='sed -n -e '\''s/^.*[	 ]\([ABCDGIRSTW][ABCDGIRSTW]*\)[	 ][	 ]*\([_A-Za-z][_A-Za-z0-9]*\)$/\1 \2 \2/p'\'' | sed '\''/ __gnu_lto/d'\'''
lt_cv_sys_global_symbol_to_c_name_address='sed -n -e '\''s/^: \(.*\) .*$/  {"\1", (void *) 0},/p'\'' -e '\''s/^[ABCDGIRSTW][ABCDGIRSTW]* .* \(.*\)$/  {"\1", (void *) \&\1},/p'\'''
lt_cv_sys_global_symbol_to_c_name_address_lib_prefix='sed -n -e '\''s/^: \(.*\) .*$/  {"\1", (void *) 0},/p'\'' -e '\''s/^[ABCDGIRSTW][ABCDGIRSTW]* .* \(lib.*\)$/  {"\1", (void *) \&\1},/p'\'' -e '\''s/^[ABCDGIRSTW][ABCDGIRSTW]* .* \(.*\)$/  {"lib\1", (void *) \&\1},/p'\'''
lt_cv_sys_global_symbol_to_cdecl='sed -n -e '\''s/^T .* \(.*\)$/extern int \1();/p'\'' -e '\''s/^[ABCDGIRSTW][ABCDGIRSTW]* .* \(.*\)$/extern char \1;/p'\'''
lt_cv_sys_global_symbol_to_import=
lt_cv_sys_max_cmd_len=1572864
lt_cv_to_host_file_cmd=func_convert_file_noop
lt_cv_to_tool_file_cmd=func_convert_file_noop
lt_cv_truncate_bin='/usr/bin/dd bs=4096 count=1'

## ----------------- ##
## Output variables. ##
## ----------------- ##

ACLOCAL='aclocal-1.16'
ALLOCA=''
AMDEPBACKSLASH='\'
AMDEP_FALSE='#'
AMDEP_TRUE=''
AMTAR='$${TAR-tar}'
AM_BACKSLASH='\'
AM_DEFAULT_V='$(AM_DEFAULT_VERBOSITY)'
AM_DEFAULT_VERBOSITY='1'
AM_V='$(V)'
AR='ar'
AUTOCONF='autoconf'
AUTOHEADER='autoheader'
AUTOMAKE='automake-1.16'
AWK='gawk'
CC='gcc'
CCDEPMODE='depmode=gcc3'
CCOPTIONS=''
CFLAGS='-g -O2'
CPP='gcc -E'
CPPFLAGS='-I/opt/X11/include'
CYGPATH_W='echo'
DEFS=''
DEPDIR='.deps'
DLLTOOL='false'
DSYMUTIL=''
DUMPBIN=''
ECHO_C=''
ECHO_N='-n'
ECHO_T=''
EGREP='/usr/bin/grep -E'
EXEEXT=''
FFI_CFLAGS=''
FFI_LIBS=''
FGREP='/usr/bin/grep -F'
GREP='/usr/bin/grep'
INSTALL_DATA='${INSTALL} -m 644'
INSTALL_PROGRAM='${INSTALL}'
INSTALL_SCRIPT='${INSTALL}'
INSTALL_STRIP_PROGRAM='$(install_sh) -c -s'
LD='/usr/bin/ld -m elf_x86_64'
LDFLAGS=' -static'
LIBOBJS=''
LIBS=''
LIBTOOL='$(SHELL) $(top_builddir)/libtool'
LIPO=''
LN_S='ln -s'
LTLIBOBJS=''
LT_SYS_LIBRARY_PATH=''
MAKEINFO='makeinfo'
MANIFEST_TOOL=':'
MKDIR_P='/usr/bin/mkdir -p'
NM='/usr/bin/nm -B'
NMEDIT=''
OBJDUMP='objdump'
OBJEXT='o'
OTOOL64=''
OTOOL=''
PACKAGE='yabasic'
PACKAGE_BUGREPORT=''
PACKAGE_NAME='yabasic'
PACKAGE_STRING='yabasic 2.87.1'
PACKAGE_TARNAME='yabasic'
PACKAGE_URL=''
PACKAGE_VERSION='2.87.1'
PATH_SEPARATOR=':'
PKG_CONFIG=''
PKG_CONFIG_LIBDIR=''
PKG_CONFIG_PATH=''
POW_LIB=''
RANLIB='ranlib'
SED='/usr/bin/sed'
SET_MAKE=''
SHELL='/bin/sh'
STRIP='strip'
VERSION='2.87.1'
XMKMF=''
X_CFLAGS=''
X_EXTRA_LIBS=''
X_LIBS=''
X_PRE_LIBS=''
ac_ct_AR='ar'
ac_ct_CC='gcc'
ac_ct_DUMPBIN=''
am__EXEEXT_FALSE=''
am__EXEEXT_TRUE=''
am__fastdepCC_FALSE='#'
am__fastdepCC_TRUE=''
am__include='include'
am__isrc=''
am__leading_dot='.'
am__nodep='_no'
am__quote=''
am__tar='$${TAR-tar} chof - "$$tardir"'
am__untar='$${TAR-tar} xf -'
bindir='${exec_prefix}/bin'
build='x86_64-unknown-linux-gnu'
build_alias=''
build_cpu='x86_64'
build_os='linux-gnu'
build_vendor='unknown'
datadir='${datarootdir}'
datarootdir='${prefix}/share'
docdir='${datarootdir}/doc/${PACKAGE_TARNAME}'
dvidir='${docdir}'
exec_prefix='NONE'
host='x86_64-unknown-linux-gnu'
host_alias=''
host_cpu='x86_64'
host_os='linux-gnu'
host_vendor='unknown'
htmldir='${docdir}'
includedir='${prefix}/include'
infodir='${datarootdir}/info'
install_sh='${SHELL} /home/ihm/yabasic/unix/lang/install-sh'
libdir='${exec_prefix}/lib'
libexecdir='${exec_prefix}/libexec'
localedir='${datarootdir}/locale'
localstatedir='${prefix}/var'
mandir='${datarootdir}/man'
mkdir_p='$(MKDIR_P)'
oldincludedir='/usr/include'
pdfdir='${docdir}'
prefix='NONE'
program_transform_name='s,x,x,'
psdir='${docdir}'
sbindir='${exec_prefix}/sbin'
sharedstatedir='${prefix}/com'
sysconfdir='${prefix}/etc'
target_alias=''

## ----------- ##
## confdefs.h. ##
## ----------- ##

/* confdefs.h */
#define PACKAGE_NAME "yabasic"
#define PACKAGE_TARNAME "yabasic"
#define PACKAGE_VERSION "2.87.1"
#define PACKAGE_STRING "yabasic 2.87.1"
#define PACKAGE_BUGREPORT ""
#define PACKAGE_URL ""
#define PACKAGE "yabasic"
#define VERSION "2.87.1"
#define STDC_HEADERS 1
#define HAVE_SYS_TYPES_H 1
#define HAVE_SYS_STAT_H 1
#define HAVE_STDLIB_H 1
#define HAVE_STRING_H 1
#define HAVE_MEMORY_H 1
#define HAVE_STRINGS_H 1
#define HAVE_INTTYPES_H 1
#define HAVE_STDINT_H 1
#define HAVE_UNISTD_H 1
#define HAVE_DLFCN_H 1
#define LT_OBJDIR ".libs/"

configure: caught signal 2
configure: exit 1
